<?xml version="1.0" encoding="UTF-8"?>
<testng-results ignored="4" total="6" passed="2" failed="0" skipped="0">
  <reporter-output>
  </reporter-output>
  <suite started-at="2022-03-29T15:02:12 IST" name="Suite" finished-at="2022-03-29T15:03:08 IST" duration-ms="55932">
    <groups>
      <group name="functionalTest">
        <method signature="CreateContactTest.createContact()[pri:0, instance:com.crm.autodeskFrameworkSelenium.contacts.CreateContactTest@66f57048]" name="createContact" class="com.crm.autodeskFrameworkSelenium.contacts.CreateContactTest"/>
        <method signature="CreateOrgTest.createOrg()[pri:0, instance:com.crm.autodeskFrameworkSelenium.organization.CreateOrgTest@12aba8be]" name="createOrg" class="com.crm.autodeskFrameworkSelenium.organization.CreateOrgTest"/>
      </group> <!-- functionalTest -->
    </groups>
    <test started-at="2022-03-29T15:02:12 IST" name="Test" finished-at="2022-03-29T15:03:08 IST" duration-ms="55932">
      <class name="com.crm.autodeskFrameworkSelenium.organization.CreateOrgTest">
        <test-method is-config="true" signature="bc()[pri:0, instance:com.crm.autodeskFrameworkSelenium.organization.CreateOrgTest@12aba8be]" started-at="2022-03-29T15:02:41 IST" name="bc" finished-at="2022-03-29T15:02:46 IST" duration-ms="5101" status="PASS">
          <reporter-output>
          </reporter-output>
        </test-method> <!-- bc -->
        <test-method is-config="true" signature="bm()[pri:0, instance:com.crm.autodeskFrameworkSelenium.organization.CreateOrgTest@12aba8be]" started-at="2022-03-29T15:02:46 IST" name="bm" finished-at="2022-03-29T15:02:50 IST" duration-ms="3637" status="PASS">
          <reporter-output>
          </reporter-output>
        </test-method> <!-- bm -->
        <test-method signature="createOrg()[pri:0, instance:com.crm.autodeskFrameworkSelenium.organization.CreateOrgTest@12aba8be]" started-at="2022-03-29T15:02:50 IST" name="createOrg" finished-at="2022-03-29T15:03:05 IST" duration-ms="15260" status="PASS">
          <reporter-output>
          </reporter-output>
        </test-method> <!-- createOrg -->
        <test-method is-config="true" signature="am()[pri:0, instance:com.crm.autodeskFrameworkSelenium.organization.CreateOrgTest@12aba8be]" started-at="2022-03-29T15:03:05 IST" name="am" finished-at="2022-03-29T15:03:07 IST" duration-ms="1836" status="PASS">
          <reporter-output>
          </reporter-output>
        </test-method> <!-- am -->
        <test-method is-config="true" signature="ac()[pri:0, instance:com.crm.autodeskFrameworkSelenium.organization.CreateOrgTest@12aba8be]" started-at="2022-03-29T15:03:07 IST" name="ac" finished-at="2022-03-29T15:03:08 IST" duration-ms="339" status="PASS">
          <reporter-output>
          </reporter-output>
        </test-method> <!-- ac -->
      </class> <!-- com.crm.autodeskFrameworkSelenium.organization.CreateOrgTest -->
      <class name="com.crm.autodeskFrameworkSelenium.contacts.CreateContactTest">
        <test-method is-config="true" signature="bs()[pri:0, instance:com.crm.autodeskFrameworkSelenium.contacts.CreateContactTest@66f57048]" started-at="2022-03-29T15:02:12 IST" name="bs" finished-at="2022-03-29T15:02:12 IST" duration-ms="13" status="PASS">
          <reporter-output>
          </reporter-output>
        </test-method> <!-- bs -->
        <test-method is-config="true" signature="bt()[pri:0, instance:com.crm.autodeskFrameworkSelenium.contacts.CreateContactTest@66f57048]" started-at="2022-03-29T15:02:12 IST" name="bt" finished-at="2022-03-29T15:02:12 IST" duration-ms="0" status="PASS">
          <reporter-output>
          </reporter-output>
        </test-method> <!-- bt -->
        <test-method is-config="true" signature="bc()[pri:0, instance:com.crm.autodeskFrameworkSelenium.contacts.CreateContactTest@66f57048]" started-at="2022-03-29T15:02:12 IST" name="bc" finished-at="2022-03-29T15:02:20 IST" duration-ms="7933" status="PASS">
          <reporter-output>
          </reporter-output>
        </test-method> <!-- bc -->
        <test-method is-config="true" signature="bm()[pri:0, instance:com.crm.autodeskFrameworkSelenium.contacts.CreateContactTest@66f57048]" started-at="2022-03-29T15:02:20 IST" name="bm" finished-at="2022-03-29T15:02:24 IST" duration-ms="3497" status="PASS">
          <reporter-output>
          </reporter-output>
        </test-method> <!-- bm -->
        <test-method signature="createContact()[pri:0, instance:com.crm.autodeskFrameworkSelenium.contacts.CreateContactTest@66f57048]" started-at="2022-03-29T15:02:24 IST" name="createContact" finished-at="2022-03-29T15:02:39 IST" duration-ms="15143" status="PASS">
          <reporter-output>
          </reporter-output>
        </test-method> <!-- createContact -->
        <test-method is-config="true" signature="am()[pri:0, instance:com.crm.autodeskFrameworkSelenium.contacts.CreateContactTest@66f57048]" started-at="2022-03-29T15:02:39 IST" name="am" finished-at="2022-03-29T15:02:41 IST" duration-ms="2360" status="PASS">
          <reporter-output>
          </reporter-output>
        </test-method> <!-- am -->
        <test-method is-config="true" signature="ac()[pri:0, instance:com.crm.autodeskFrameworkSelenium.contacts.CreateContactTest@66f57048]" started-at="2022-03-29T15:02:41 IST" name="ac" finished-at="2022-03-29T15:02:41 IST" duration-ms="346" status="PASS">
          <reporter-output>
          </reporter-output>
        </test-method> <!-- ac -->
        <test-method is-config="true" signature="at()[pri:0, instance:com.crm.autodeskFrameworkSelenium.contacts.CreateContactTest@66f57048]" started-at="2022-03-29T15:03:08 IST" name="at" finished-at="2022-03-29T15:03:08 IST" duration-ms="1" status="PASS">
          <reporter-output>
          </reporter-output>
        </test-method> <!-- at -->
        <test-method is-config="true" signature="as()[pri:0, instance:com.crm.autodeskFrameworkSelenium.contacts.CreateContactTest@66f57048]" started-at="2022-03-29T15:03:08 IST" name="as" finished-at="2022-03-29T15:03:08 IST" duration-ms="1" status="PASS">
          <reporter-output>
          </reporter-output>
        </test-method> <!-- as -->
      </class> <!-- com.crm.autodeskFrameworkSelenium.contacts.CreateContactTest -->
    </test> <!-- Test -->
  </suite> <!-- Suite -->
</testng-results>
