<?xml version="1.0" encoding="UTF-8"?>
<testng-results ignored="0" total="1" passed="1" failed="0" skipped="0">
  <reporter-output>
  </reporter-output>
  <suite started-at="2022-03-28T14:59:06 IST" name="Default suite" finished-at="2022-03-28T14:59:36 IST" duration-ms="29894">
    <groups>
      <group name="functionalTest">
        <method signature="CreateContactTest.createContact()[pri:0, instance:com.crm.autodeskFrameworkSelenium.contacts.CreateContactTest@342c38f8]" name="createContact" class="com.crm.autodeskFrameworkSelenium.contacts.CreateContactTest"/>
      </group> <!-- functionalTest -->
    </groups>
    <test started-at="2022-03-28T14:59:06 IST" name="Default test" finished-at="2022-03-28T14:59:36 IST" duration-ms="29894">
      <class name="com.crm.autodeskFrameworkSelenium.contacts.CreateContactTest">
        <test-method is-config="true" signature="bs()[pri:0, instance:com.crm.autodeskFrameworkSelenium.contacts.CreateContactTest@342c38f8]" started-at="2022-03-28T14:59:06 IST" name="bs" finished-at="2022-03-28T14:59:06 IST" duration-ms="13" status="PASS">
          <reporter-output>
          </reporter-output>
        </test-method> <!-- bs -->
        <test-method is-config="true" signature="bt()[pri:0, instance:com.crm.autodeskFrameworkSelenium.contacts.CreateContactTest@342c38f8]" started-at="2022-03-28T14:59:06 IST" name="bt" finished-at="2022-03-28T14:59:06 IST" duration-ms="0" status="PASS">
          <reporter-output>
          </reporter-output>
        </test-method> <!-- bt -->
        <test-method is-config="true" signature="bc()[pri:0, instance:com.crm.autodeskFrameworkSelenium.contacts.CreateContactTest@342c38f8]" started-at="2022-03-28T14:59:06 IST" name="bc" finished-at="2022-03-28T14:59:13 IST" duration-ms="6811" status="PASS">
          <reporter-output>
          </reporter-output>
        </test-method> <!-- bc -->
        <test-method is-config="true" signature="bm()[pri:0, instance:com.crm.autodeskFrameworkSelenium.contacts.CreateContactTest@342c38f8]" started-at="2022-03-28T14:59:13 IST" name="bm" finished-at="2022-03-28T14:59:17 IST" duration-ms="3808" status="PASS">
          <reporter-output>
          </reporter-output>
        </test-method> <!-- bm -->
        <test-method signature="createContact()[pri:0, instance:com.crm.autodeskFrameworkSelenium.contacts.CreateContactTest@342c38f8]" started-at="2022-03-28T14:59:17 IST" name="createContact" finished-at="2022-03-28T14:59:34 IST" duration-ms="17111" status="PASS">
          <reporter-output>
          </reporter-output>
        </test-method> <!-- createContact -->
        <test-method is-config="true" signature="am()[pri:0, instance:com.crm.autodeskFrameworkSelenium.contacts.CreateContactTest@342c38f8]" started-at="2022-03-28T14:59:34 IST" name="am" finished-at="2022-03-28T14:59:36 IST" duration-ms="1760" status="PASS">
          <reporter-output>
          </reporter-output>
        </test-method> <!-- am -->
        <test-method is-config="true" signature="ac()[pri:0, instance:com.crm.autodeskFrameworkSelenium.contacts.CreateContactTest@342c38f8]" started-at="2022-03-28T14:59:36 IST" name="ac" finished-at="2022-03-28T14:59:36 IST" duration-ms="348" status="PASS">
          <reporter-output>
          </reporter-output>
        </test-method> <!-- ac -->
        <test-method is-config="true" signature="at()[pri:0, instance:com.crm.autodeskFrameworkSelenium.contacts.CreateContactTest@342c38f8]" started-at="2022-03-28T14:59:36 IST" name="at" finished-at="2022-03-28T14:59:36 IST" duration-ms="2" status="PASS">
          <reporter-output>
          </reporter-output>
        </test-method> <!-- at -->
        <test-method is-config="true" signature="as()[pri:0, instance:com.crm.autodeskFrameworkSelenium.contacts.CreateContactTest@342c38f8]" started-at="2022-03-28T14:59:36 IST" name="as" finished-at="2022-03-28T14:59:36 IST" duration-ms="0" status="PASS">
          <reporter-output>
          </reporter-output>
        </test-method> <!-- as -->
      </class> <!-- com.crm.autodeskFrameworkSelenium.contacts.CreateContactTest -->
    </test> <!-- Default test -->
  </suite> <!-- Default suite -->
</testng-results>
