<?xml version="1.0" encoding="UTF-8"?>
<!-- Generated by org.testng.reporters.JUnitXMLReporter -->
<testsuite ignored="4" hostname="DESKTOP-7AJT7N3" failures="0" tests="2" name="Test" time="55.932" errors="0" timestamp="2022-03-29T15:03:08 IST">
  <testcase classname="com.crm.autodeskFrameworkSelenium.contacts.CreateContactTest" name="createContact" time="15.143"/>
  <testcase classname="com.crm.autodeskFrameworkSelenium.organization.CreateOrgTest" name="createOrg" time="15.26"/>
  <testcase classname="com.crm.autodeskFrameworkSelenium.genericUtility.BaseClass" name="@BeforeTest bt" time="0.0">
    <ignored/>
  </testcase> <!-- @BeforeTest bt -->
  <testcase classname="com.crm.autodeskFrameworkSelenium.genericUtility.BaseClass" name="@AfterSuite as" time="0.0">
    <ignored/>
  </testcase> <!-- @AfterSuite as -->
  <testcase classname="com.crm.autodeskFrameworkSelenium.genericUtility.BaseClass" name="@AfterTest at" time="0.0">
    <ignored/>
  </testcase> <!-- @AfterTest at -->
  <testcase classname="com.crm.autodeskFrameworkSelenium.genericUtility.BaseClass" name="@BeforeSuite bs" time="0.0">
    <ignored/>
  </testcase> <!-- @BeforeSuite bs -->
</testsuite> <!-- Test -->
